2022-05-16 18:00:11.528  INFO 14032 --- [restartedMain] c.j.m.SpringbootMvcjsp42Application      : Starting SpringbootMvcjsp42Application using Java 17.0.2 on JOBIAK-FR-03 with PID 14032 (C:\Users\Fresher\spring_Workspace\springboot-mvcjsp42\target\classes started by Fresher in C:\Users\Fresher\spring_Workspace\springboot-mvcjsp42)
2022-05-16 18:00:11.529  INFO 14032 --- [restartedMain] c.j.m.SpringbootMvcjsp42Application      : No active profile set, falling back to 1 default profile: "default"
2022-05-16 18:00:11.577  INFO 14032 --- [restartedMain] .e.DevToolsPropertyDefaultsPostProcessor : Devtools property defaults active! Set 'spring.devtools.add-properties' to 'false' to disable
2022-05-16 18:00:11.578  INFO 14032 --- [restartedMain] .e.DevToolsPropertyDefaultsPostProcessor : For additional web related logging consider setting the 'logging.level.web' property to 'DEBUG'
2022-05-16 18:00:11.973  INFO 14032 --- [restartedMain] .s.d.r.c.RepositoryConfigurationDelegate : Bootstrapping Spring Data JPA repositories in DEFAULT mode.
2022-05-16 18:00:11.982  INFO 14032 --- [restartedMain] .s.d.r.c.RepositoryConfigurationDelegate : Finished Spring Data repository scanning in 3 ms. Found 0 JPA repository interfaces.
2022-05-16 18:00:12.350  INFO 14032 --- [restartedMain] o.s.b.w.embedded.tomcat.TomcatWebServer  : Tomcat initialized with port(s): 8081 (http)
2022-05-16 18:00:12.358  INFO 14032 --- [restartedMain] o.apache.catalina.core.StandardService   : Starting service [Tomcat]
2022-05-16 18:00:12.359  INFO 14032 --- [restartedMain] org.apache.catalina.core.StandardEngine  : Starting Servlet engine: [Apache Tomcat/9.0.60]
2022-05-16 18:00:12.484  INFO 14032 --- [restartedMain] org.apache.jasper.servlet.TldScanner     : At least one JAR was scanned for TLDs yet contained no TLDs. Enable debug logging for this logger for a complete list of JARs that were scanned but no TLDs were found in them. Skipping unneeded JARs during scanning can improve startup time and JSP compilation time.
2022-05-16 18:00:12.489  INFO 14032 --- [restartedMain] o.a.c.c.C.[Tomcat].[localhost].[/]       : Initializing Spring embedded WebApplicationContext
2022-05-16 18:00:12.491  INFO 14032 --- [restartedMain] w.s.c.ServletWebServerApplicationContext : Root WebApplicationContext: initialization completed in 911 ms
2022-05-16 18:00:12.512  INFO 14032 --- [restartedMain] com.zaxxer.hikari.HikariDataSource       : HikariPool-1 - Starting...
2022-05-16 18:00:12.665  INFO 14032 --- [restartedMain] com.zaxxer.hikari.HikariDataSource       : HikariPool-1 - Start completed.
2022-05-16 18:00:12.675  INFO 14032 --- [restartedMain] o.s.b.a.h2.H2ConsoleAutoConfiguration    : H2 console available at '/h2-console'. Database available at 'jdbc:h2:mem:60b92b9d-eb21-41ac-a80d-5096ba5bddce'
2022-05-16 18:00:12.798  INFO 14032 --- [restartedMain] o.hibernate.jpa.internal.util.LogHelper  : HHH000204: Processing PersistenceUnitInfo [name: default]
2022-05-16 18:00:12.833  INFO 14032 --- [restartedMain] org.hibernate.Version                    : HHH000412: Hibernate ORM core version 5.6.7.Final
2022-05-16 18:00:12.969  INFO 14032 --- [restartedMain] o.hibernate.annotations.common.Version   : HCANN000001: Hibernate Commons Annotations {5.1.2.Final}
2022-05-16 18:00:13.054  INFO 14032 --- [restartedMain] org.hibernate.dialect.Dialect            : HHH000400: Using dialect: org.hibernate.dialect.H2Dialect
2022-05-16 18:00:13.206  INFO 14032 --- [restartedMain] o.h.e.t.j.p.i.JtaPlatformInitiator       : HHH000490: Using JtaPlatform implementation: [org.hibernate.engine.transaction.jta.platform.internal.NoJtaPlatform]
2022-05-16 18:00:13.212  INFO 14032 --- [restartedMain] j.LocalContainerEntityManagerFactoryBean : Initialized JPA EntityManagerFactory for persistence unit 'default'
2022-05-16 18:00:13.249  WARN 14032 --- [restartedMain] JpaBaseConfiguration$JpaWebConfiguration : spring.jpa.open-in-view is enabled by default. Therefore, database queries may be performed during view rendering. Explicitly configure spring.jpa.open-in-view to disable this warning
2022-05-16 18:00:13.485  INFO 14032 --- [restartedMain] o.s.b.d.a.OptionalLiveReloadServer       : LiveReload server is running on port 35729
2022-05-16 18:00:13.520  INFO 14032 --- [restartedMain] o.s.b.w.embedded.tomcat.TomcatWebServer  : Tomcat started on port(s): 8081 (http) with context path ''
2022-05-16 18:00:13.527  INFO 14032 --- [restartedMain] c.j.m.SpringbootMvcjsp42Application      : Started SpringbootMvcjsp42Application in 2.324 seconds (JVM running for 2.846)
2022-05-16 18:00:41.726  INFO 14032 --- [http-nio-8081-exec-1] o.a.c.c.C.[Tomcat].[localhost].[/]       : Initializing Spring DispatcherServlet 'dispatcherServlet'
2022-05-16 18:00:41.726  INFO 14032 --- [http-nio-8081-exec-1] o.s.web.servlet.DispatcherServlet        : Initializing Servlet 'dispatcherServlet'
2022-05-16 18:00:41.727  INFO 14032 --- [http-nio-8081-exec-1] o.s.web.servlet.DispatcherServlet        : Completed initialization in 1 ms
2022-05-16 18:01:52.230  INFO 14032 --- [http-nio-8081-exec-5] c.j.mvcjsp.controller.LoginController    : entered get method
2022-05-16 18:02:53.906  INFO 14032 --- [RMI TCP Connection(7)-127.0.0.1] inMXBeanRegistrar$SpringApplicationAdmin : Application shutdown requested.
2022-05-16 18:02:53.938  INFO 14032 --- [RMI TCP Connection(7)-127.0.0.1] j.LocalContainerEntityManagerFactoryBean : Closing JPA EntityManagerFactory for persistence unit 'default'
2022-05-16 18:02:53.938  INFO 14032 --- [RMI TCP Connection(7)-127.0.0.1] .SchemaDropperImpl$DelayedDropActionImpl : HHH000477: Starting delayed evictData of schema as part of SessionFactory shut-down'
2022-05-16 18:02:54.150  WARN 14032 --- [RMI TCP Connection(7)-127.0.0.1] o.s.b.f.support.DisposableBeanAdapter    : Invocation of destroy method failed on bean with name 'inMemoryDatabaseShutdownExecutor': org.h2.jdbc.JdbcSQLNonTransientConnectionException: Database is already closed (to disable automatic closing at VM shutdown, add ";DB_CLOSE_ON_EXIT=FALSE" to the db URL) [90121-200]
2022-05-16 18:02:54.151  INFO 14032 --- [RMI TCP Connection(7)-127.0.0.1] com.zaxxer.hikari.HikariDataSource       : HikariPool-1 - Shutdown initiated...
2022-05-16 18:02:54.153  INFO 14032 --- [RMI TCP Connection(7)-127.0.0.1] com.zaxxer.hikari.HikariDataSource       : HikariPool-1 - Shutdown completed.
